2019-10-10 11:43:15.217  INFO 9660 --- [main] c.m.s.SnowflakeServiceApplication        : The following profiles are active: dev
2019-10-10 11:43:16.092  INFO 9660 --- [main] .s.d.r.c.RepositoryConfigurationDelegate : Multiple Spring Data modules found, entering strict repository configuration mode!
2019-10-10 11:43:16.097  INFO 9660 --- [main] .s.d.r.c.RepositoryConfigurationDelegate : Bootstrapping Spring Data repositories in DEFAULT mode.
2019-10-10 11:43:16.140  INFO 9660 --- [main] .s.d.r.c.RepositoryConfigurationDelegate : Finished Spring Data repository scanning in 19ms. Found 0 repository interfaces.
2019-10-10 11:43:16.601  INFO 9660 --- [main] o.s.cloud.context.scope.GenericScope     : BeanFactory id=59b8b552-c102-3c62-98fa-b7e986ec4395
2019-10-10 11:43:16.683  INFO 9660 --- [main] trationDelegate$BeanPostProcessorChecker : Bean 'org.springframework.cloud.autoconfigure.ConfigurationPropertiesRebinderAutoConfiguration' of type [org.springframework.cloud.autoconfigure.ConfigurationPropertiesRebinderAutoConfiguration$$EnhancerBySpringCGLIB$$e73b59a5] is not eligible for getting processed by all BeanPostProcessors (for example: not eligible for auto-proxying)
2019-10-10 11:43:17.310  INFO 9660 --- [main] o.s.b.w.embedded.tomcat.TomcatWebServer  : Tomcat initialized with port(s): 8751 (http)
2019-10-10 11:43:17.369  INFO 9660 --- [main] o.apache.catalina.core.StandardService   : Starting service [Tomcat]
2019-10-10 11:43:17.370  INFO 9660 --- [main] org.apache.catalina.core.StandardEngine  : Starting Servlet engine: [Apache Tomcat/9.0.24]
2019-10-10 11:43:17.653  INFO 9660 --- [main] o.a.c.c.C.[Tomcat].[localhost].[/]       : Initializing Spring embedded WebApplicationContext
2019-10-10 11:43:17.654  INFO 9660 --- [main] o.s.web.context.ContextLoader            : Root WebApplicationContext: initialization completed in 2399 ms
2019-10-10 11:43:18.673  WARN 9660 --- [main] c.n.c.sources.URLConfigurationSource     : No URLs will be polled as dynamic configuration sources.
2019-10-10 11:43:18.673  INFO 9660 --- [main] c.n.c.sources.URLConfigurationSource     : To enable URLs as dynamic configuration sources, define System property archaius.configurationSource.additionalUrls or make config.properties available on classpath.
2019-10-10 11:43:18.684  WARN 9660 --- [main] c.n.c.sources.URLConfigurationSource     : No URLs will be polled as dynamic configuration sources.
2019-10-10 11:43:18.684  INFO 9660 --- [main] c.n.c.sources.URLConfigurationSource     : To enable URLs as dynamic configuration sources, define System property archaius.configurationSource.additionalUrls or make config.properties available on classpath.
2019-10-10 11:43:19.132  INFO 9660 --- [main] o.s.s.concurrent.ThreadPoolTaskExecutor  : Initializing ExecutorService 'applicationTaskExecutor'
2019-10-10 11:43:20.002  INFO 9660 --- [main] o.s.s.c.ThreadPoolTaskScheduler          : Initializing ExecutorService
2019-10-10 11:43:20.604  INFO 9660 --- [main] o.s.b.w.embedded.tomcat.TomcatWebServer  : Tomcat started on port(s): 8751 (http) with context path ''
2019-10-10 11:43:21.219  INFO 9660 --- [main] o.s.c.a.n.registry.NacosServiceRegistry  : nacos registry, snowflake-service 10.40.45.100:8751 register finished
2019-10-10 11:43:21.222  INFO 9660 --- [main] c.m.s.SnowflakeServiceApplication        : Started SnowflakeServiceApplication in 9.557 seconds (JVM running for 10.689)
2019-10-10 11:43:21.491  INFO 9660 --- [main] io.lettuce.core.EpollProvider            : Starting without optional epoll library
2019-10-10 11:43:21.498  INFO 9660 --- [main] io.lettuce.core.KqueueProvider           : Starting without optional kqueue library
